2024-01-15 15:36:34,984 p=6353 u=ubuntu n=ansible | PLAY [WebServer setup] *******************************************************************************************************************************************************************************************
2024-01-15 15:36:34,994 p=6353 u=ubuntu n=ansible | TASK [Gathering Facts] *******************************************************************************************************************************************************************************************
2024-01-15 15:36:36,631 p=6353 u=ubuntu n=ansible | ok: [web01]
2024-01-15 15:36:36,637 p=6353 u=ubuntu n=ansible | ok: [web02]
2024-01-15 15:36:36,666 p=6353 u=ubuntu n=ansible | TASK [Install HTTPD] *********************************************************************************************************************************************************************************************
2024-01-15 15:36:38,030 p=6353 u=ubuntu n=ansible | ok: [web01]
2024-01-15 15:36:38,034 p=6353 u=ubuntu n=ansible | ok: [web02]
2024-01-15 15:36:38,047 p=6353 u=ubuntu n=ansible | TASK [Start HTTPD] ***********************************************************************************************************************************************************************************************
2024-01-15 15:36:39,096 p=6353 u=ubuntu n=ansible | ok: [web02]
2024-01-15 15:36:39,103 p=6353 u=ubuntu n=ansible | ok: [web01]
2024-01-15 15:36:39,113 p=6353 u=ubuntu n=ansible | TASK [Copy and Backup HTML file] *********************************************************************************************************************************************************************************
2024-01-15 15:36:40,329 p=6353 u=ubuntu n=ansible | ok: [web02]
2024-01-15 15:36:40,336 p=6353 u=ubuntu n=ansible | ok: [web01]
2024-01-15 15:36:40,345 p=6353 u=ubuntu n=ansible | TASK [Print output of webservers] ********************************************************************************************************************************************************************************
2024-01-15 15:36:40,399 p=6353 u=ubuntu n=ansible | ok: [web01] => {
    "webout": {
        "changed": false,
        "checksum": "e4010e8b4b04a43bd1ebfbb5b4df9c5dfc1169be",
        "dest": "/var/www/html/index.html",
        "diff": {
            "after": {
                "path": "/var/www/html/index.html"
            },
            "before": {
                "path": "/var/www/html/index.html"
            }
        },
        "failed": false,
        "gid": 0,
        "group": "root",
        "mode": "0644",
        "owner": "root",
        "path": "/var/www/html/index.html",
        "secontext": "system_u:object_r:httpd_sys_content_t:s0",
        "size": 15,
        "state": "file",
        "uid": 0
    }
}
2024-01-15 15:36:40,414 p=6353 u=ubuntu n=ansible | ok: [web02] => {
    "webout": {
        "changed": false,
        "checksum": "e4010e8b4b04a43bd1ebfbb5b4df9c5dfc1169be",
        "dest": "/var/www/html/index.html",
        "diff": {
            "after": {
                "path": "/var/www/html/index.html"
            },
            "before": {
                "path": "/var/www/html/index.html"
            }
        },
        "failed": false,
        "gid": 0,
        "group": "root",
        "mode": "0644",
        "owner": "root",
        "path": "/var/www/html/index.html",
        "secontext": "system_u:object_r:httpd_sys_content_t:s0",
        "size": 15,
        "state": "file",
        "uid": 0
    }
}
2024-01-15 15:36:40,461 p=6353 u=ubuntu n=ansible | PLAY [DBServer setup] ********************************************************************************************************************************************************************************************
2024-01-15 15:36:40,466 p=6353 u=ubuntu n=ansible | TASK [Gathering Facts] *******************************************************************************************************************************************************************************************
2024-01-15 15:36:41,666 p=6353 u=ubuntu n=ansible | ok: [db01]
2024-01-15 15:36:41,686 p=6353 u=ubuntu n=ansible | TASK [Install python3-PyMySQL] ***********************************************************************************************************************************************************************************
2024-01-15 15:36:42,767 p=6353 u=ubuntu n=ansible | ok: [db01]
2024-01-15 15:36:42,776 p=6353 u=ubuntu n=ansible | TASK [Install MariaDB] *******************************************************************************************************************************************************************************************
2024-01-15 15:36:43,853 p=6353 u=ubuntu n=ansible | ok: [db01]
2024-01-15 15:36:43,862 p=6353 u=ubuntu n=ansible | TASK [Start MariaDB] *********************************************************************************************************************************************************************************************
2024-01-15 15:36:44,524 p=6353 u=ubuntu n=ansible | ok: [db01]
2024-01-15 15:36:44,534 p=6353 u=ubuntu n=ansible | TASK [Create a new database name `accounts`] *********************************************************************************************************************************************************************
2024-01-15 15:36:45,208 p=6353 u=ubuntu n=ansible | ok: [db01]
2024-01-15 15:36:45,219 p=6353 u=ubuntu n=ansible | TASK [Create a database user name `knamm`] ***********************************************************************************************************************************************************************
2024-01-15 15:36:45,920 p=6353 u=ubuntu n=ansible | [WARNING]: Option column_case_sensitive is not provided. The default is now false, so the column's name will be uppercased. The default will be changed to true in community.mysql 4.0.0.

2024-01-15 15:36:45,921 p=6353 u=ubuntu n=ansible | ok: [db01]
2024-01-15 15:36:45,931 p=6353 u=ubuntu n=ansible | TASK [debug] *****************************************************************************************************************************************************************************************************
2024-01-15 15:36:45,957 p=6353 u=ubuntu n=ansible | ok: [db01] => {
    "msg": "Database name: hcmut"
}
2024-01-15 15:36:45,966 p=6353 u=ubuntu n=ansible | TASK [debug] *****************************************************************************************************************************************************************************************************
2024-01-15 15:36:45,992 p=6353 u=ubuntu n=ansible | ok: [db01] => {
    "msg": "Database username: knammm"
}
2024-01-15 15:36:46,017 p=6353 u=ubuntu n=ansible | PLAY RECAP *******************************************************************************************************************************************************************************************************
2024-01-15 15:36:46,017 p=6353 u=ubuntu n=ansible | db01                       : ok=8    changed=0    unreachable=0    failed=0    skipped=0    rescued=0    ignored=0   
2024-01-15 15:36:46,017 p=6353 u=ubuntu n=ansible | web01                      : ok=5    changed=0    unreachable=0    failed=0    skipped=0    rescued=0    ignored=0   
2024-01-15 15:36:46,017 p=6353 u=ubuntu n=ansible | web02                      : ok=5    changed=0    unreachable=0    failed=0    skipped=0    rescued=0    ignored=0   
