2024-01-15 14:49:47,405 p=5463 u=ubuntu n=ansible | PLAY [WebServer setup] *******************************************************************************************************************************************************************************************
2024-01-15 14:49:47,416 p=5463 u=ubuntu n=ansible | TASK [Gathering Facts] *******************************************************************************************************************************************************************************************
2024-01-15 14:49:49,193 p=5463 u=ubuntu n=ansible | ok: [web02]
2024-01-15 14:49:49,201 p=5463 u=ubuntu n=ansible | ok: [web01]
2024-01-15 14:49:49,231 p=5463 u=ubuntu n=ansible | TASK [Install HTTPD] *********************************************************************************************************************************************************************************************
2024-01-15 14:49:50,587 p=5463 u=ubuntu n=ansible | ok: [web02]
2024-01-15 14:49:50,591 p=5463 u=ubuntu n=ansible | ok: [web01]
2024-01-15 14:49:50,602 p=5463 u=ubuntu n=ansible | TASK [Start HTTPD] ***********************************************************************************************************************************************************************************************
2024-01-15 14:49:51,651 p=5463 u=ubuntu n=ansible | ok: [web01]
2024-01-15 14:49:51,655 p=5463 u=ubuntu n=ansible | ok: [web02]
2024-01-15 14:49:51,666 p=5463 u=ubuntu n=ansible | TASK [Copy and Backup HTML file] *********************************************************************************************************************************************************************************
2024-01-15 14:49:52,930 p=5463 u=ubuntu n=ansible | ok: [web02]
2024-01-15 14:49:52,934 p=5463 u=ubuntu n=ansible | ok: [web01]
2024-01-15 14:49:52,983 p=5463 u=ubuntu n=ansible | PLAY [DBServer setup] ********************************************************************************************************************************************************************************************
2024-01-15 14:49:52,988 p=5463 u=ubuntu n=ansible | TASK [Gathering Facts] *******************************************************************************************************************************************************************************************
2024-01-15 14:49:54,339 p=5463 u=ubuntu n=ansible | ok: [db01]
2024-01-15 14:49:54,359 p=5463 u=ubuntu n=ansible | TASK [Install python3-PyMySQL] ***********************************************************************************************************************************************************************************
2024-01-15 14:49:55,420 p=5463 u=ubuntu n=ansible | ok: [db01]
2024-01-15 14:49:55,430 p=5463 u=ubuntu n=ansible | TASK [Install MariaDB] *******************************************************************************************************************************************************************************************
2024-01-15 14:49:56,499 p=5463 u=ubuntu n=ansible | ok: [db01]
2024-01-15 14:49:56,508 p=5463 u=ubuntu n=ansible | TASK [Start MariaDB] *********************************************************************************************************************************************************************************************
2024-01-15 14:49:57,157 p=5463 u=ubuntu n=ansible | ok: [db01]
2024-01-15 14:49:57,167 p=5463 u=ubuntu n=ansible | TASK [Create a new database name `accounts`] *********************************************************************************************************************************************************************
2024-01-15 14:49:57,839 p=5463 u=ubuntu n=ansible | ok: [db01]
2024-01-15 14:49:57,850 p=5463 u=ubuntu n=ansible | TASK [Create a database user name `knamm`] ***********************************************************************************************************************************************************************
2024-01-15 14:49:58,560 p=5463 u=ubuntu n=ansible | [WARNING]: Option column_case_sensitive is not provided. The default is now false, so the column's name will be uppercased. The default will be changed to true in community.mysql 4.0.0.

2024-01-15 14:49:58,561 p=5463 u=ubuntu n=ansible | ok: [db01]
2024-01-15 14:49:58,585 p=5463 u=ubuntu n=ansible | PLAY RECAP *******************************************************************************************************************************************************************************************************
2024-01-15 14:49:58,586 p=5463 u=ubuntu n=ansible | db01                       : ok=6    changed=0    unreachable=0    failed=0    skipped=0    rescued=0    ignored=0   
2024-01-15 14:49:58,586 p=5463 u=ubuntu n=ansible | web01                      : ok=4    changed=0    unreachable=0    failed=0    skipped=0    rescued=0    ignored=0   
2024-01-15 14:49:58,586 p=5463 u=ubuntu n=ansible | web02                      : ok=4    changed=0    unreachable=0    failed=0    skipped=0    rescued=0    ignored=0   
2024-01-15 15:18:00,817 p=5651 u=ubuntu n=ansible | ERROR! We were unable to read either as JSON nor YAML, these are the errors we got from each:
JSON: Expecting value: line 1 column 1 (char 0)

Syntax Error while loading YAML.
  did not find expected key

The error appears to be in '/home/ubuntu/vprofile/exercise8/playbook.yaml': line 45, column 24, but may
be elsewhere in the file depending on the exact syntax problem.

The offending line appears to be:

      ansible.builtin.yum:
        name: "{{svc}}"-server
                       ^ here
We could be wrong, but this one looks like it might be an issue with
missing quotes. Always quote template expression brackets when they
start a value. For instance:

    with_items:
      - {{ foo }}

Should be written as:

    with_items:
      - "{{ foo }}"

2024-01-15 15:18:33,639 p=5656 u=ubuntu n=ansible | PLAY [WebServer setup] *******************************************************************************************************************************************************************************************
2024-01-15 15:18:33,650 p=5656 u=ubuntu n=ansible | TASK [Gathering Facts] *******************************************************************************************************************************************************************************************
2024-01-15 15:18:35,435 p=5656 u=ubuntu n=ansible | ok: [web01]
2024-01-15 15:18:35,439 p=5656 u=ubuntu n=ansible | ok: [web02]
2024-01-15 15:18:35,471 p=5656 u=ubuntu n=ansible | TASK [Install HTTPD] *********************************************************************************************************************************************************************************************
2024-01-15 15:18:36,855 p=5656 u=ubuntu n=ansible | ok: [web01]
2024-01-15 15:18:36,870 p=5656 u=ubuntu n=ansible | ok: [web02]
2024-01-15 15:18:36,881 p=5656 u=ubuntu n=ansible | TASK [Start HTTPD] ***********************************************************************************************************************************************************************************************
2024-01-15 15:18:37,952 p=5656 u=ubuntu n=ansible | ok: [web01]
2024-01-15 15:18:37,957 p=5656 u=ubuntu n=ansible | ok: [web02]
2024-01-15 15:18:37,967 p=5656 u=ubuntu n=ansible | TASK [Copy and Backup HTML file] *********************************************************************************************************************************************************************************
2024-01-15 15:18:39,204 p=5656 u=ubuntu n=ansible | ok: [web01]
2024-01-15 15:18:39,211 p=5656 u=ubuntu n=ansible | ok: [web02]
2024-01-15 15:18:39,259 p=5656 u=ubuntu n=ansible | PLAY [DBServer setup] ********************************************************************************************************************************************************************************************
2024-01-15 15:18:39,265 p=5656 u=ubuntu n=ansible | TASK [Gathering Facts] *******************************************************************************************************************************************************************************************
2024-01-15 15:18:40,624 p=5656 u=ubuntu n=ansible | ok: [db01]
2024-01-15 15:18:40,644 p=5656 u=ubuntu n=ansible | TASK [Install python3-PyMySQL] ***********************************************************************************************************************************************************************************
2024-01-15 15:18:41,775 p=5656 u=ubuntu n=ansible | ok: [db01]
2024-01-15 15:18:41,785 p=5656 u=ubuntu n=ansible | TASK [Install MariaDB] *******************************************************************************************************************************************************************************************
2024-01-15 15:18:42,861 p=5656 u=ubuntu n=ansible | ok: [db01]
2024-01-15 15:18:42,871 p=5656 u=ubuntu n=ansible | TASK [Start MariaDB] *********************************************************************************************************************************************************************************************
2024-01-15 15:18:43,523 p=5656 u=ubuntu n=ansible | ok: [db01]
2024-01-15 15:18:43,534 p=5656 u=ubuntu n=ansible | TASK [Create a new database name `accounts`] *********************************************************************************************************************************************************************
2024-01-15 15:18:44,211 p=5656 u=ubuntu n=ansible | changed: [db01]
2024-01-15 15:18:44,222 p=5656 u=ubuntu n=ansible | TASK [Create a database user name `knamm`] ***********************************************************************************************************************************************************************
2024-01-15 15:18:44,941 p=5656 u=ubuntu n=ansible | [WARNING]: Option column_case_sensitive is not provided. The default is now false, so the column's name will be uppercased. The default will be changed to true in community.mysql 4.0.0.

2024-01-15 15:18:44,941 p=5656 u=ubuntu n=ansible | ok: [db01]
2024-01-15 15:18:44,967 p=5656 u=ubuntu n=ansible | PLAY RECAP *******************************************************************************************************************************************************************************************************
2024-01-15 15:18:44,968 p=5656 u=ubuntu n=ansible | db01                       : ok=6    changed=1    unreachable=0    failed=0    skipped=0    rescued=0    ignored=0   
2024-01-15 15:18:44,968 p=5656 u=ubuntu n=ansible | web01                      : ok=4    changed=0    unreachable=0    failed=0    skipped=0    rescued=0    ignored=0   
2024-01-15 15:18:44,968 p=5656 u=ubuntu n=ansible | web02                      : ok=4    changed=0    unreachable=0    failed=0    skipped=0    rescued=0    ignored=0   
2024-01-15 15:21:35,896 p=5814 u=ubuntu n=ansible | [WARNING]: While constructing a mapping from /home/ubuntu/vprofile/exercise8/playbook.yaml, line 69, column 9, found a duplicate dict key (msg). Using last defined value only.

2024-01-15 15:21:35,947 p=5814 u=ubuntu n=ansible | PLAY [WebServer setup] *******************************************************************************************************************************************************************************************
2024-01-15 15:21:35,957 p=5814 u=ubuntu n=ansible | TASK [Gathering Facts] *******************************************************************************************************************************************************************************************
2024-01-15 15:21:37,686 p=5814 u=ubuntu n=ansible | ok: [web01]
2024-01-15 15:21:37,739 p=5814 u=ubuntu n=ansible | ok: [web02]
2024-01-15 15:21:37,769 p=5814 u=ubuntu n=ansible | TASK [Install HTTPD] *********************************************************************************************************************************************************************************************
2024-01-15 15:21:39,117 p=5814 u=ubuntu n=ansible | ok: [web01]
2024-01-15 15:21:39,148 p=5814 u=ubuntu n=ansible | ok: [web02]
2024-01-15 15:21:39,159 p=5814 u=ubuntu n=ansible | TASK [Start HTTPD] ***********************************************************************************************************************************************************************************************
2024-01-15 15:21:40,213 p=5814 u=ubuntu n=ansible | ok: [web02]
2024-01-15 15:21:40,218 p=5814 u=ubuntu n=ansible | ok: [web01]
2024-01-15 15:21:40,229 p=5814 u=ubuntu n=ansible | TASK [Copy and Backup HTML file] *********************************************************************************************************************************************************************************
2024-01-15 15:21:41,453 p=5814 u=ubuntu n=ansible | ok: [web01]
2024-01-15 15:21:41,457 p=5814 u=ubuntu n=ansible | ok: [web02]
2024-01-15 15:21:41,504 p=5814 u=ubuntu n=ansible | PLAY [DBServer setup] ********************************************************************************************************************************************************************************************
2024-01-15 15:21:41,509 p=5814 u=ubuntu n=ansible | TASK [Gathering Facts] *******************************************************************************************************************************************************************************************
2024-01-15 15:21:42,867 p=5814 u=ubuntu n=ansible | ok: [db01]
2024-01-15 15:21:42,887 p=5814 u=ubuntu n=ansible | TASK [Install python3-PyMySQL] ***********************************************************************************************************************************************************************************
2024-01-15 15:21:43,960 p=5814 u=ubuntu n=ansible | ok: [db01]
2024-01-15 15:21:43,969 p=5814 u=ubuntu n=ansible | TASK [Install MariaDB] *******************************************************************************************************************************************************************************************
2024-01-15 15:21:45,045 p=5814 u=ubuntu n=ansible | ok: [db01]
2024-01-15 15:21:45,055 p=5814 u=ubuntu n=ansible | TASK [Start MariaDB] *********************************************************************************************************************************************************************************************
2024-01-15 15:21:45,710 p=5814 u=ubuntu n=ansible | ok: [db01]
2024-01-15 15:21:45,720 p=5814 u=ubuntu n=ansible | TASK [Create a new database name `accounts`] *********************************************************************************************************************************************************************
2024-01-15 15:21:46,391 p=5814 u=ubuntu n=ansible | ok: [db01]
2024-01-15 15:21:46,401 p=5814 u=ubuntu n=ansible | TASK [Create a database user name `knamm`] ***********************************************************************************************************************************************************************
2024-01-15 15:21:47,108 p=5814 u=ubuntu n=ansible | [WARNING]: Option column_case_sensitive is not provided. The default is now false, so the column's name will be uppercased. The default will be changed to true in community.mysql 4.0.0.

2024-01-15 15:21:47,108 p=5814 u=ubuntu n=ansible | ok: [db01]
2024-01-15 15:21:47,152 p=5814 u=ubuntu n=ansible | TASK [debug] *****************************************************************************************************************************************************************************************************
2024-01-15 15:21:47,176 p=5814 u=ubuntu n=ansible | ok: [db01] => {
    "msg": "=================================================================================="
}
2024-01-15 15:21:47,201 p=5814 u=ubuntu n=ansible | PLAY RECAP *******************************************************************************************************************************************************************************************************
2024-01-15 15:21:47,202 p=5814 u=ubuntu n=ansible | db01                       : ok=7    changed=0    unreachable=0    failed=0    skipped=0    rescued=0    ignored=0   
2024-01-15 15:21:47,202 p=5814 u=ubuntu n=ansible | web01                      : ok=4    changed=0    unreachable=0    failed=0    skipped=0    rescued=0    ignored=0   
2024-01-15 15:21:47,202 p=5814 u=ubuntu n=ansible | web02                      : ok=4    changed=0    unreachable=0    failed=0    skipped=0    rescued=0    ignored=0   
2024-01-15 15:24:13,232 p=5998 u=ubuntu n=ansible | PLAY [WebServer setup] *******************************************************************************************************************************************************************************************
2024-01-15 15:24:13,244 p=5998 u=ubuntu n=ansible | TASK [Gathering Facts] *******************************************************************************************************************************************************************************************
2024-01-15 15:24:15,014 p=5998 u=ubuntu n=ansible | ok: [web01]
2024-01-15 15:24:15,023 p=5998 u=ubuntu n=ansible | ok: [web02]
2024-01-15 15:24:15,054 p=5998 u=ubuntu n=ansible | TASK [Install HTTPD] *********************************************************************************************************************************************************************************************
2024-01-15 15:24:16,421 p=5998 u=ubuntu n=ansible | ok: [web01]
2024-01-15 15:24:16,436 p=5998 u=ubuntu n=ansible | ok: [web02]
2024-01-15 15:24:16,447 p=5998 u=ubuntu n=ansible | TASK [Start HTTPD] ***********************************************************************************************************************************************************************************************
2024-01-15 15:24:17,525 p=5998 u=ubuntu n=ansible | ok: [web02]
2024-01-15 15:24:17,530 p=5998 u=ubuntu n=ansible | ok: [web01]
2024-01-15 15:24:17,540 p=5998 u=ubuntu n=ansible | TASK [Copy and Backup HTML file] *********************************************************************************************************************************************************************************
2024-01-15 15:24:18,780 p=5998 u=ubuntu n=ansible | ok: [web02]
2024-01-15 15:24:18,784 p=5998 u=ubuntu n=ansible | ok: [web01]
2024-01-15 15:24:18,832 p=5998 u=ubuntu n=ansible | PLAY [DBServer setup] ********************************************************************************************************************************************************************************************
2024-01-15 15:24:18,837 p=5998 u=ubuntu n=ansible | TASK [Gathering Facts] *******************************************************************************************************************************************************************************************
2024-01-15 15:24:20,194 p=5998 u=ubuntu n=ansible | ok: [db01]
2024-01-15 15:24:20,213 p=5998 u=ubuntu n=ansible | TASK [Install python3-PyMySQL] ***********************************************************************************************************************************************************************************
2024-01-15 15:24:21,277 p=5998 u=ubuntu n=ansible | ok: [db01]
2024-01-15 15:24:21,287 p=5998 u=ubuntu n=ansible | TASK [Install MariaDB] *******************************************************************************************************************************************************************************************
2024-01-15 15:24:22,357 p=5998 u=ubuntu n=ansible | ok: [db01]
2024-01-15 15:24:22,367 p=5998 u=ubuntu n=ansible | TASK [Start MariaDB] *********************************************************************************************************************************************************************************************
2024-01-15 15:24:23,016 p=5998 u=ubuntu n=ansible | ok: [db01]
2024-01-15 15:24:23,027 p=5998 u=ubuntu n=ansible | TASK [Create a new database name `accounts`] *********************************************************************************************************************************************************************
2024-01-15 15:24:23,710 p=5998 u=ubuntu n=ansible | ok: [db01]
2024-01-15 15:24:23,721 p=5998 u=ubuntu n=ansible | TASK [Create a database user name `knamm`] ***********************************************************************************************************************************************************************
2024-01-15 15:24:24,429 p=5998 u=ubuntu n=ansible | [WARNING]: Option column_case_sensitive is not provided. The default is now false, so the column's name will be uppercased. The default will be changed to true in community.mysql 4.0.0.

2024-01-15 15:24:24,430 p=5998 u=ubuntu n=ansible | ok: [db01]
2024-01-15 15:24:24,440 p=5998 u=ubuntu n=ansible | TASK [debug] *****************************************************************************************************************************************************************************************************
2024-01-15 15:24:24,466 p=5998 u=ubuntu n=ansible | ok: [db01] => {
    "msg": "Database name: hcmut"
}
2024-01-15 15:24:24,475 p=5998 u=ubuntu n=ansible | TASK [debug] *****************************************************************************************************************************************************************************************************
2024-01-15 15:24:24,502 p=5998 u=ubuntu n=ansible | ok: [db01] => {
    "msg": "Database username: knammm"
}
2024-01-15 15:24:24,527 p=5998 u=ubuntu n=ansible | PLAY RECAP *******************************************************************************************************************************************************************************************************
2024-01-15 15:24:24,528 p=5998 u=ubuntu n=ansible | db01                       : ok=8    changed=0    unreachable=0    failed=0    skipped=0    rescued=0    ignored=0   
2024-01-15 15:24:24,528 p=5998 u=ubuntu n=ansible | web01                      : ok=4    changed=0    unreachable=0    failed=0    skipped=0    rescued=0    ignored=0   
2024-01-15 15:24:24,528 p=5998 u=ubuntu n=ansible | web02                      : ok=4    changed=0    unreachable=0    failed=0    skipped=0    rescued=0    ignored=0   
2024-01-15 15:33:07,544 p=6161 u=ubuntu n=ansible | ERROR! this task 'debug' has extra params, which is only allowed in the following modules: ansible.legacy.shell, win_shell, script, ansible.legacy.include_role, ansible.legacy.import_role, include_role, ansible.builtin.command, ansible.windows.win_command, ansible.builtin.win_command, ansible.legacy.win_shell, include, ansible.legacy.meta, ansible.legacy.group_by, ansible.legacy.script, ansible.legacy.command, ansible.legacy.add_host, ansible.legacy.include, ansible.legacy.import_tasks, ansible.builtin.win_shell, win_command, ansible.builtin.meta, ansible.windows.win_shell, include_vars, command, import_tasks, ansible.builtin.import_role, ansible.builtin.add_host, include_tasks, ansible.legacy.raw, ansible.builtin.include_role, ansible.builtin.set_fact, ansible.builtin.raw, ansible.builtin.import_tasks, ansible.builtin.script, ansible.builtin.include_vars, raw, ansible.legacy.win_command, ansible.builtin.include, shell, set_fact, group_by, ansible.legacy.include_vars, import_role, ansible.builtin.shell, ansible.legacy.include_tasks, meta, ansible.legacy.set_fact, ansible.builtin.include_tasks, add_host, ansible.builtin.group_by

The error appears to be in '/home/ubuntu/vprofile/exercise8/playbook.yaml': line 28, column 7, but may
be elsewhere in the file depending on the exact syntax problem.

The offending line appears to be:


    - name: Print output of webservers
      ^ here

2024-01-15 15:35:28,520 p=6166 u=ubuntu n=ansible | PLAY [WebServer setup] *******************************************************************************************************************************************************************************************
2024-01-15 15:35:28,531 p=6166 u=ubuntu n=ansible | TASK [Gathering Facts] *******************************************************************************************************************************************************************************************
2024-01-15 15:35:30,287 p=6166 u=ubuntu n=ansible | ok: [web02]
2024-01-15 15:35:30,294 p=6166 u=ubuntu n=ansible | ok: [web01]
2024-01-15 15:35:30,323 p=6166 u=ubuntu n=ansible | TASK [Install HTTPD] *********************************************************************************************************************************************************************************************
2024-01-15 15:35:31,680 p=6166 u=ubuntu n=ansible | ok: [web02]
2024-01-15 15:35:31,684 p=6166 u=ubuntu n=ansible | ok: [web01]
2024-01-15 15:35:31,695 p=6166 u=ubuntu n=ansible | TASK [Start HTTPD] ***********************************************************************************************************************************************************************************************
2024-01-15 15:35:32,756 p=6166 u=ubuntu n=ansible | ok: [web02]
2024-01-15 15:35:32,762 p=6166 u=ubuntu n=ansible | ok: [web01]
2024-01-15 15:35:32,771 p=6166 u=ubuntu n=ansible | TASK [Copy and Backup HTML file] *********************************************************************************************************************************************************************************
2024-01-15 15:35:34,038 p=6166 u=ubuntu n=ansible | ok: [web02]
2024-01-15 15:35:34,104 p=6166 u=ubuntu n=ansible | ok: [web01]
2024-01-15 15:35:34,116 p=6166 u=ubuntu n=ansible | TASK [Print output of webservers] ********************************************************************************************************************************************************************************
2024-01-15 15:35:34,167 p=6166 u=ubuntu n=ansible | ok: [web01] => {
    "webout": {
        "changed": false,
        "checksum": "e4010e8b4b04a43bd1ebfbb5b4df9c5dfc1169be",
        "dest": "/var/www/html/index.html",
        "diff": {
            "after": {
                "path": "/var/www/html/index.html"
            },
            "before": {
                "path": "/var/www/html/index.html"
            }
        },
        "failed": false,
        "gid": 0,
        "group": "root",
        "mode": "0644",
        "owner": "root",
        "path": "/var/www/html/index.html",
        "secontext": "system_u:object_r:httpd_sys_content_t:s0",
        "size": 15,
        "state": "file",
        "uid": 0
    }
}
2024-01-15 15:35:34,182 p=6166 u=ubuntu n=ansible | ok: [web02] => {
    "webout": {
        "changed": false,
        "checksum": "e4010e8b4b04a43bd1ebfbb5b4df9c5dfc1169be",
        "dest": "/var/www/html/index.html",
        "diff": {
            "after": {
                "path": "/var/www/html/index.html"
            },
            "before": {
                "path": "/var/www/html/index.html"
            }
        },
        "failed": false,
        "gid": 0,
        "group": "root",
        "mode": "0644",
        "owner": "root",
        "path": "/var/www/html/index.html",
        "secontext": "system_u:object_r:httpd_sys_content_t:s0",
        "size": 15,
        "state": "file",
        "uid": 0
    }
}
2024-01-15 15:35:34,227 p=6166 u=ubuntu n=ansible | PLAY [DBServer setup] ********************************************************************************************************************************************************************************************
2024-01-15 15:35:34,232 p=6166 u=ubuntu n=ansible | TASK [Gathering Facts] *******************************************************************************************************************************************************************************************
2024-01-15 15:35:35,597 p=6166 u=ubuntu n=ansible | ok: [db01]
2024-01-15 15:35:35,616 p=6166 u=ubuntu n=ansible | TASK [Install python3-PyMySQL] ***********************************************************************************************************************************************************************************
2024-01-15 15:35:36,688 p=6166 u=ubuntu n=ansible | ok: [db01]
2024-01-15 15:35:36,698 p=6166 u=ubuntu n=ansible | TASK [Install MariaDB] *******************************************************************************************************************************************************************************************
2024-01-15 15:35:37,751 p=6166 u=ubuntu n=ansible | ok: [db01]
2024-01-15 15:35:37,760 p=6166 u=ubuntu n=ansible | TASK [Start MariaDB] *********************************************************************************************************************************************************************************************
2024-01-15 15:35:38,405 p=6166 u=ubuntu n=ansible | ok: [db01]
2024-01-15 15:35:38,415 p=6166 u=ubuntu n=ansible | TASK [Create a new database name `accounts`] *********************************************************************************************************************************************************************
2024-01-15 15:35:39,085 p=6166 u=ubuntu n=ansible | ok: [db01]
2024-01-15 15:35:39,095 p=6166 u=ubuntu n=ansible | TASK [Create a database user name `knamm`] ***********************************************************************************************************************************************************************
2024-01-15 15:35:39,801 p=6166 u=ubuntu n=ansible | [WARNING]: Option column_case_sensitive is not provided. The default is now false, so the column's name will be uppercased. The default will be changed to true in community.mysql 4.0.0.

2024-01-15 15:35:39,801 p=6166 u=ubuntu n=ansible | ok: [db01]
2024-01-15 15:35:39,811 p=6166 u=ubuntu n=ansible | TASK [debug] *****************************************************************************************************************************************************************************************************
2024-01-15 15:35:39,838 p=6166 u=ubuntu n=ansible | ok: [db01] => {
    "msg": "Database name: hcmut"
}
2024-01-15 15:35:39,847 p=6166 u=ubuntu n=ansible | TASK [debug] *****************************************************************************************************************************************************************************************************
2024-01-15 15:35:39,874 p=6166 u=ubuntu n=ansible | ok: [db01] => {
    "msg": "Database username: knammm"
}
2024-01-15 15:35:39,898 p=6166 u=ubuntu n=ansible | PLAY RECAP *******************************************************************************************************************************************************************************************************
2024-01-15 15:35:39,899 p=6166 u=ubuntu n=ansible | db01                       : ok=8    changed=0    unreachable=0    failed=0    skipped=0    rescued=0    ignored=0   
2024-01-15 15:35:39,899 p=6166 u=ubuntu n=ansible | web01                      : ok=5    changed=0    unreachable=0    failed=0    skipped=0    rescued=0    ignored=0   
2024-01-15 15:35:39,899 p=6166 u=ubuntu n=ansible | web02                      : ok=5    changed=0    unreachable=0    failed=0    skipped=0    rescued=0    ignored=0   
